u   201511  2015  11  03  /data/raw/bok/u/201511/20151103
u   201511  2015  11  05  /data/raw/bok/u/201511/20151105
u   201511  2015  11  06  /data/raw/bok/u/201511/20151106
u   201511  2015  11  07  /data/raw/bok/u/201511/20151107
u   201511  2015  11  08  /data/raw/bok/u/201511/20151108
u   201511  2015  11  09  /data/raw/bok/u/201511/20151109
u   201511  2015  11  10  /data/raw/bok/u/201511/20151110
u   201512  2015  12  03  /data/raw/bok/u/201512/20151203
u   201512  2015  12  04  /data/raw/bok/u/201512/20151204
u   201512  2015  12  05  /data/raw/bok/u/201512/20151205
u   201512  2015  12  06  /data/raw/bok/u/201512/20151206
u   201512  2015  12  07  /data/raw/bok/u/201512/20151207
u   201512  2015  12  08  /data/raw/bok/u/201512/20151208
u   201512  2015  12  09  /data/raw/bok/u/201512/20151209
u   201512  2015  12  10  /data/raw/bok/u/201512/20151210
u   201512  2015  12  13  /data/raw/bok/u/201512/20151213
u   201512  2015  12  14  /data/raw/bok/u/201512/20151214
u   201601  2016  01  30  /data/raw/bok/u/201601/20160130
u   201601  2016  01  31  /data/raw/bok/u/201601/20160131
u   201601  2016  02  01  /data/raw/bok/u/201601/20160201
v   201511  2015  11  03  /data/raw/bok/v/201511/20151103
v   201511  2015  11  05  /data/raw/bok/v/201511/20151105
v   201511  2015  11  06  /data/raw/bok/v/201511/20151106
v   201511  2015  11  07  /data/raw/bok/v/201511/20151107
v   201511  2015  11  08  /data/raw/bok/v/201511/20151108
v   201511  2015  11  09  /data/raw/bok/v/201511/20151109
v   201511  2015  11  10  /data/raw/bok/v/201511/20151110
v   201512  2015  12  03  /data/raw/bok/v/201512/20151203
v   201512  2015  12  04  /data/raw/bok/v/201512/20151204
v   201512  2015  12  05  /data/raw/bok/v/201512/20151205
v   201512  2015  12  06  /data/raw/bok/v/201512/20151206
v   201512  2015  12  07  /data/raw/bok/v/201512/20151207
v   201512  2015  12  08  /data/raw/bok/v/201512/20151208
v   201512  2015  12  09  /data/raw/bok/v/201512/20151209
v   201512  2015  12  10  /data/raw/bok/v/201512/20151210
v   201512  2015  12  13  /data/raw/bok/v/201512/20151213
v   201512  2015  12  14  /data/raw/bok/v/201512/20151214
v   201601  2016  01  30  /data/raw/bok/v/201601/20160130
v   201601  2016  01  31  /data/raw/bok/v/201601/20160131
v   201601  2016  02  01  /data/raw/bok/v/201601/20160201
u   201512  2015  12  15  /data/raw/bok/u/201512/20151215
u   201512  2015  12  16  /data/raw/bok/u/201512/20151216
v   201512  2015  12  15  /data/raw/bok/v/201512/20151215
v   201512  2015  12  16  /data/raw/bok/v/201512/20151216
u   201602  2016  02  29  /data/raw/bok/u/201602/20160229
u   201602  2016  03  01  /data/raw/bok/u/201602/20160301
u   201602  2016  03  02  /data/raw/bok/u/201602/20160302
v   201602  2016  02  29  /data/raw/bok/v/201602/20160229
v   201602  2016  03  01  /data/raw/bok/v/201602/20160301
v   201602  2016  03  02  /data/raw/bok/v/201602/20160302

