201511	2015	11	03
201511	2015	11	05
201511	2015	11	06
201511	2015	11	07
201511	2015	11	08
201511	2015	11	09
201511	2015	11	10
201512	2015	12	03
201512	2015	12	04
201512	2015	12	05
201512	2015	12	06
201512	2015	12	07
201512	2015	12	08
201512	2015	12	09
201512	2015	12	10
201512	2015	12	13
201512	2015	12	14
201512	2015	12	15
201512	2015	12	16
201601	2016	01	30
201601	2016	01	31
201601	2016	02	01
201602	2016	02	29
201602	2016	03	01
201602	2016	03	02
201603A	2016	03	14
201603A	2016	03	15
201603A	2016	03	16
